<?xml version="1.0" encoding="UTF-8"?>
<!-- Generated by org.testng.reporters.JUnitXMLReporter -->
<testsuite hostname="ARBUEL018" name="Default test" tests="10" failures="0" timestamp="11 Jan 2016 14:08:16 GMT" time="0.047" errors="0">
  <testcase name="@BeforeSuite beforeMethod" time="0.0" classname="internetExplorerPruebas.CostosBudgetRompeFiltro">
    <failure type="org.openqa.selenium.remote.SessionNotFoundException" message="Unexpected error launching Internet Explorer. Protected Mode settings are not the same for all zones. Enable Protected Mode must be set to the same value (enabled or disabled) for all zones. (WARNING: The server did not provide any stacktrace information)
Command duration or timeout: 1.29 seconds
Build info: version: &amp;apos;2.48.2&amp;apos;, revision: &amp;apos;41bccdd&amp;apos;, time: &amp;apos;2015-10-09 19:55:52&amp;apos;
System info: host: &amp;apos;ARBUEL018&amp;apos;, ip: &amp;apos;192.168.1.165&amp;apos;, os.name: &amp;apos;Windows 8.1&amp;apos;, os.arch: &amp;apos;amd64&amp;apos;, os.version: &amp;apos;6.3&amp;apos;, java.version: &amp;apos;1.8.0_60&amp;apos;
Driver info: org.openqa.selenium.ie.InternetExplorerDriver">
      <![CDATA[org.openqa.selenium.remote.SessionNotFoundException: Unexpected error launching Internet Explorer. Protected Mode settings are not the same for all zones. Enable Protected Mode must be set to the same value (enabled or disabled) for all zones. (WARNING: The server did not provide any stacktrace information)
Command duration or timeout: 1.29 seconds
Build info: version: '2.48.2', revision: '41bccdd', time: '2015-10-09 19:55:52'
System info: host: 'ARBUEL018', ip: '192.168.1.165', os.name: 'Windows 8.1', os.arch: 'amd64', os.version: '6.3', java.version: '1.8.0_60'
Driver info: org.openqa.selenium.ie.InternetExplorerDriver
	at sun.reflect.NativeConstructorAccessorImpl.newInstance0(Native Method)
	at sun.reflect.NativeConstructorAccessorImpl.newInstance(Unknown Source)
	at sun.reflect.DelegatingConstructorAccessorImpl.newInstance(Unknown Source)
	at java.lang.reflect.Constructor.newInstance(Unknown Source)
	at org.openqa.selenium.remote.ErrorHandler.createThrowable(ErrorHandler.java:206)
	at org.openqa.selenium.remote.ErrorHandler.throwIfResponseFailed(ErrorHandler.java:164)
	at org.openqa.selenium.remote.RemoteWebDriver.execute(RemoteWebDriver.java:647)
	at org.openqa.selenium.remote.RemoteWebDriver.startSession(RemoteWebDriver.java:247)
	at org.openqa.selenium.remote.RemoteWebDriver.startSession(RemoteWebDriver.java:232)
	at org.openqa.selenium.ie.InternetExplorerDriver.run(InternetExplorerDriver.java:182)
	at org.openqa.selenium.ie.InternetExplorerDriver.<init>(InternetExplorerDriver.java:174)
	at org.openqa.selenium.ie.InternetExplorerDriver.<init>(InternetExplorerDriver.java:146)
	at internetExplorerPruebas.CostosBudgetRompeFiltro.beforeMethod(CostosBudgetRompeFiltro.java:168)
	at sun.reflect.NativeMethodAccessorImpl.invoke0(Native Method)
	at sun.reflect.NativeMethodAccessorImpl.invoke(Unknown Source)
	at sun.reflect.DelegatingMethodAccessorImpl.invoke(Unknown Source)
	at java.lang.reflect.Method.invoke(Unknown Source)
	at org.testng.internal.MethodInvocationHelper.invokeMethod(MethodInvocationHelper.java:86)
	at org.testng.internal.Invoker.invokeConfigurationMethod(Invoker.java:514)
	at org.testng.internal.Invoker.invokeConfigurations(Invoker.java:215)
	at org.testng.internal.Invoker.invokeConfigurations(Invoker.java:142)
	at org.testng.SuiteRunner.privateRun(SuiteRunner.java:305)
	at org.testng.SuiteRunner.run(SuiteRunner.java:268)
	at org.testng.SuiteRunnerWorker.runSuite(SuiteRunnerWorker.java:52)
	at org.testng.SuiteRunnerWorker.run(SuiteRunnerWorker.java:86)
	at org.testng.TestNG.runSuitesSequentially(TestNG.java:1246)
	at org.testng.TestNG.runSuitesLocally(TestNG.java:1171)
	at org.testng.TestNG.run(TestNG.java:1066)
	at org.testng.remote.RemoteTestNG.run(RemoteTestNG.java:113)
	at org.testng.remote.RemoteTestNG.initAndRun(RemoteTestNG.java:206)
	at org.testng.remote.RemoteTestNG.main(RemoteTestNG.java:177)
]]>
    </failure>
  </testcase> <!-- @BeforeSuite beforeMethod -->
  <testcase name="testLoginUserValidoAdmin" time="0.001" classname="internetExplorerPruebas.CostosBudgetRompeFiltro">
    <skipped/>
  </testcase> <!-- testLoginUserValidoAdmin -->
  <testcase name="costosBudgetSeteoBloqueadoNo" time="0.0" classname="internetExplorerPruebas.CostosBudgetRompeFiltro">
    <skipped/>
  </testcase> <!-- costosBudgetSeteoBloqueadoNo -->
  <testcase name="costosBudgetSeteoBloqueadoSi" time="0.0" classname="internetExplorerPruebas.CostosBudgetRompeFiltro">
    <skipped/>
  </testcase> <!-- costosBudgetSeteoBloqueadoSi -->
  <testcase name="costosBudgetSeteoCampoAnio1" time="0.0" classname="internetExplorerPruebas.CostosBudgetRompeFiltro">
    <skipped/>
  </testcase> <!-- costosBudgetSeteoCampoAnio1 -->
  <testcase name="costosBudgetSeteoCampoAnio2" time="0.0" classname="internetExplorerPruebas.CostosBudgetRompeFiltro">
    <skipped/>
  </testcase> <!-- costosBudgetSeteoCampoAnio2 -->
  <testcase name="costosBudgetSeteoCampoAnio3" time="0.0" classname="internetExplorerPruebas.CostosBudgetRompeFiltro">
    <skipped/>
  </testcase> <!-- costosBudgetSeteoCampoAnio3 -->
  <testcase name="costosBudgetSeteoCampoDescripcion1" time="0.0" classname="internetExplorerPruebas.CostosBudgetRompeFiltro">
    <skipped/>
  </testcase> <!-- costosBudgetSeteoCampoDescripcion1 -->
  <testcase name="costosBudgetSeteoCampoDescripcion2" time="0.0" classname="internetExplorerPruebas.CostosBudgetRompeFiltro">
    <skipped/>
  </testcase> <!-- costosBudgetSeteoCampoDescripcion2 -->
  <testcase name="costosBudgetSeteoCampoDescripcion3" time="0.0" classname="internetExplorerPruebas.CostosBudgetRompeFiltro">
    <skipped/>
  </testcase> <!-- costosBudgetSeteoCampoDescripcion3 -->
  <testcase name="costosBudgetSeteoCampoDescripcion4" time="0.003" classname="internetExplorerPruebas.CostosBudgetRompeFiltro">
    <skipped/>
  </testcase> <!-- costosBudgetSeteoCampoDescripcion4 -->
</testsuite> <!-- Default test -->
